<?xml version="1.0" encoding="UTF-8"?>
<!-- Generated by org.testng.reporters.JUnitXMLReporter -->
<testsuite ignored="0" hostname="DESKTOP-FE9I4DB" failures="1" tests="6" name="Test" time="87.433" errors="0" timestamp="2022-05-28T10:37:27 IST">
  <testcase classname="Test_Classes.TC01_Wiki" name="VerifyCountryNameFromWIKI" time="0.181"/>
  <testcase classname="Test_Classes.TC01_Wiki" name="VerifyReleaseDateFromWIKI" time="0.232"/>
  <testcase classname="Test_Classes.TC02_IMDB" name="verifyCountryNameFromIMBD" time="0.29"/>
  <testcase classname="Test_Classes.TC02_IMDB" name="verifyReleaseDateFromIMBD" time="0.428"/>
  <testcase classname="Test_Classes.TC03_Compare_Deatails_of_IMBD_Wiki" name="test1" time="16.41"/>
  <testcase classname="Test_Classes.TC03_Compare_Deatails_of_IMBD_Wiki" name="test2" time="18.407">
    <failure type="java.lang.AssertionError" message="The following asserts failed:
	expected [17 December 2021] but found [January 7, 2022 (United States)]">
      <![CDATA[java.lang.AssertionError: The following asserts failed:
expected [17 December 2021] but found [January 7, 2022 (United States)]
at Test_Classes.TC03_Compare_Deatails_of_IMBD_Wiki.test2(TC03_Compare_Deatails_of_IMBD_Wiki.java:97)
at java.base/java.util.ArrayList.forEach(ArrayList.java:1511)
... Removed 27 stack frames]]>
    </failure>
  </testcase> <!-- test2 -->
</testsuite> <!-- Test -->
